<?xml version="1.0" encoding="UTF-8"?>
<testng-results ignored="0" total="6" passed="6" failed="0" skipped="0">
  <reporter-output>
  </reporter-output>
  <suite started-at="2020-02-23T13:02:00Z" name="test.SubscribeTest" finished-at="2020-02-23T13:03:46Z" duration-ms="106803">
    <groups>
    </groups>
    <test started-at="2020-02-23T13:02:00Z" name="Command line test" finished-at="2020-02-23T13:03:46Z" duration-ms="106803">
      <class name="test.SubscribeTest">
        <test-method is-config="true" signature="setup()[pri:0, instance:test.SubscribeTest@6fe7aac8]" started-at="2020-02-23T13:02:00Z" name="setup" finished-at="2020-02-23T13:02:30Z" duration-ms="30725" status="PASS">
          <reporter-output>
          </reporter-output>
        </test-method> <!-- setup -->
        <test-method signature="subscribeButtonClick()[pri:1, instance:test.SubscribeTest@6fe7aac8]" started-at="2020-02-23T13:02:30Z" name="subscribeButtonClick" finished-at="2020-02-23T13:02:47Z" duration-ms="16582" status="PASS">
          <reporter-output>
          </reporter-output>
        </test-method> <!-- subscribeButtonClick -->
        <test-method signature="subscribe()[pri:2, instance:test.SubscribeTest@6fe7aac8]" started-at="2020-02-23T13:02:47Z" name="subscribe" finished-at="2020-02-23T13:02:53Z" duration-ms="6188" status="PASS">
          <reporter-output>
          </reporter-output>
        </test-method> <!-- subscribe -->
        <test-method signature="createAccount()[pri:3, instance:test.SubscribeTest@6fe7aac8]" started-at="2020-02-23T13:02:53Z" name="createAccount" finished-at="2020-02-23T13:03:11Z" duration-ms="17610" status="PASS">
          <reporter-output>
          </reporter-output>
        </test-method> <!-- createAccount -->
        <test-method signature="emailVerificationClick()[pri:4, instance:test.SubscribeTest@6fe7aac8]" started-at="2020-02-23T13:03:11Z" name="emailVerificationClick" finished-at="2020-02-23T13:03:36Z" duration-ms="24775" status="PASS">
          <reporter-output>
          </reporter-output>
        </test-method> <!-- emailVerificationClick -->
        <test-method signature="basket()[pri:5, instance:test.SubscribeTest@6fe7aac8]" started-at="2020-02-23T13:03:36Z" name="basket" finished-at="2020-02-23T13:03:39Z" duration-ms="3126" status="PASS">
          <reporter-output>
          </reporter-output>
        </test-method> <!-- basket -->
        <test-method signature="createRecurringPayment()[pri:7, instance:test.SubscribeTest@6fe7aac8]" started-at="2020-02-23T13:03:39Z" name="createRecurringPayment" finished-at="2020-02-23T13:03:46Z" duration-ms="7777" status="PASS">
          <reporter-output>
          </reporter-output>
        </test-method> <!-- createRecurringPayment -->
      </class> <!-- test.SubscribeTest -->
    </test> <!-- Command line test -->
  </suite> <!-- test.SubscribeTest -->
</testng-results>
