<?xml version="1.0" encoding="UTF-8" ?>
<testsuite tests="6" failures="0" name="test.SubscribeTest" time="76.059" errors="0" skipped="0">
  <properties>
[...]
</properties>
  <testcase classname="test.SubscribeTest" name="subscribeButtonClick" time="16.584"/>
  <testcase classname="test.SubscribeTest" name="subscribe" time="6.188"/>
  <testcase classname="test.SubscribeTest" name="createAccount" time="17.61"/>
  <testcase classname="test.SubscribeTest" name="emailVerificationClick" time="24.775"/>
  <testcase classname="test.SubscribeTest" name="basket" time="3.125"/>
  <testcase classname="test.SubscribeTest" name="createRecurringPayment" time="7.777"/>
</testsuite>