<?xml version="1.0" encoding="UTF-8"?>
<!-- Generated by org.testng.reporters.JUnitXMLReporter -->
<testsuite ignored="0" hostname="Cemal_YAVER" failures="0" tests="6" name="Command line test" time="106.803" errors="0" timestamp="23 Şub 2020 13:03:46 GMT">
  <testcase classname="test.SubscribeTest" name="subscribeButtonClick" time="16.582"/>
  <testcase classname="test.SubscribeTest" name="subscribe" time="6.188"/>
  <testcase classname="test.SubscribeTest" name="createAccount" time="17.61"/>
  <testcase classname="test.SubscribeTest" name="emailVerificationClick" time="24.775"/>
  <testcase classname="test.SubscribeTest" name="basket" time="3.126"/>
  <testcase classname="test.SubscribeTest" name="createRecurringPayment" time="7.777"/>
</testsuite> <!-- Command line test -->
