<?xml version="1.0" encoding="UTF-8"?>
<!-- Generated by org.testng.reporters.JUnitReportReporter -->
<testsuite hostname="Cemal_YAVER" failures="0" tests="6" name="test.SubscribeTest" time="76.058" errors="0" timestamp="23 Şub 2020 13:03:46 GMT" skipped="0">
  <testcase classname="test.SubscribeTest" name="subscribeButtonClick" time="16.582"/>
  <testcase classname="test.SubscribeTest" name="subscribe" time="6.188"/>
  <testcase classname="test.SubscribeTest" name="createAccount" time="17.610"/>
  <testcase classname="test.SubscribeTest" name="emailVerificationClick" time="24.775"/>
  <testcase classname="test.SubscribeTest" name="basket" time="3.126"/>
  <testcase classname="test.SubscribeTest" name="createRecurringPayment" time="7.777"/>
</testsuite> <!-- test.SubscribeTest -->
